Mar 26, 2015 12:10:34 AM org.apache.catalina.startup.VersionLoggerListener log
INFO: Server version:        Apache Tomcat/7.0.59
Mar 26, 2015 12:10:34 AM org.apache.catalina.startup.VersionLoggerListener log
INFO: Server built:          Jan 28 2015 15:51:10 UTC
Mar 26, 2015 12:10:34 AM org.apache.catalina.startup.VersionLoggerListener log
INFO: Server number:         7.0.59.0
Mar 26, 2015 12:10:34 AM org.apache.catalina.startup.VersionLoggerListener log
INFO: OS Name:               Linux
Mar 26, 2015 12:10:34 AM org.apache.catalina.startup.VersionLoggerListener log
INFO: OS Version:            3.2.0-67-generic-pae
Mar 26, 2015 12:10:34 AM org.apache.catalina.startup.VersionLoggerListener log
INFO: Architecture:          i386
Mar 26, 2015 12:10:34 AM org.apache.catalina.startup.VersionLoggerListener log
INFO: Java Home:             /usr/lib/jvm/jdk1.8.0_31/jre
Mar 26, 2015 12:10:34 AM org.apache.catalina.startup.VersionLoggerListener log
INFO: JVM Version:           1.8.0_31-b13
Mar 26, 2015 12:10:34 AM org.apache.catalina.startup.VersionLoggerListener log
INFO: JVM Vendor:            Oracle Corporation
Mar 26, 2015 12:10:34 AM org.apache.catalina.startup.VersionLoggerListener log
INFO: CATALINA_BASE:         /opt/tomcat
Mar 26, 2015 12:10:34 AM org.apache.catalina.startup.VersionLoggerListener log
INFO: CATALINA_HOME:         /opt/tomcat
Mar 26, 2015 12:10:34 AM org.apache.catalina.startup.VersionLoggerListener log
INFO: Command line argument: -Djava.util.logging.config.file=/opt/tomcat/conf/logging.properties
Mar 26, 2015 12:10:34 AM org.apache.catalina.startup.VersionLoggerListener log
INFO: Command line argument: -Djava.util.logging.manager=org.apache.juli.ClassLoaderLogManager
Mar 26, 2015 12:10:34 AM org.apache.catalina.startup.VersionLoggerListener log
INFO: Command line argument: -Xms512m
Mar 26, 2015 12:10:34 AM org.apache.catalina.startup.VersionLoggerListener log
INFO: Command line argument: -Xmx1024m
Mar 26, 2015 12:10:34 AM org.apache.catalina.startup.VersionLoggerListener log
INFO: Command line argument: -XX:PermSize=600M
Mar 26, 2015 12:10:34 AM org.apache.catalina.startup.VersionLoggerListener log
INFO: Command line argument: -XX:MaxPermSize=600m
Mar 26, 2015 12:10:34 AM org.apache.catalina.startup.VersionLoggerListener log
INFO: Command line argument: -Dcom.sun.management.jmxremote
Mar 26, 2015 12:10:34 AM org.apache.catalina.startup.VersionLoggerListener log
INFO: Command line argument: -Djava.endorsed.dirs=/opt/tomcat/endorsed
Mar 26, 2015 12:10:34 AM org.apache.catalina.startup.VersionLoggerListener log
INFO: Command line argument: -Dcatalina.base=/opt/tomcat
Mar 26, 2015 12:10:34 AM org.apache.catalina.startup.VersionLoggerListener log
INFO: Command line argument: -Dcatalina.home=/opt/tomcat
Mar 26, 2015 12:10:34 AM org.apache.catalina.startup.VersionLoggerListener log
INFO: Command line argument: -Djava.io.tmpdir=/opt/tomcat/temp
Mar 26, 2015 12:10:34 AM org.apache.catalina.core.AprLifecycleListener lifecycleEvent
INFO: The APR based Apache Tomcat Native library which allows optimal performance in production environments was not found on the java.library.path: /usr/java/packages/lib/i386:/lib:/usr/lib
Mar 26, 2015 12:10:34 AM org.apache.coyote.AbstractProtocol init
INFO: Initializing ProtocolHandler ["http-bio-80"]
Mar 26, 2015 12:10:34 AM org.apache.coyote.AbstractProtocol init
INFO: Initializing ProtocolHandler ["ajp-bio-8009"]
Mar 26, 2015 12:10:34 AM org.apache.catalina.startup.Catalina load
INFO: Initialization processed in 1413 ms
Mar 26, 2015 12:10:34 AM org.apache.catalina.core.StandardService startInternal
INFO: Starting service Catalina
Mar 26, 2015 12:10:34 AM org.apache.catalina.core.StandardEngine startInternal
INFO: Starting Servlet Engine: Apache Tomcat/7.0.59
Mar 26, 2015 12:10:34 AM org.apache.catalina.startup.HostConfig deployDirectory
INFO: Deploying web application directory /opt/tomcat/webapps/logs
Mar 26, 2015 12:10:35 AM org.apache.catalina.startup.HostConfig deployDirectory
INFO: Deployment of web application directory /opt/tomcat/webapps/logs has finished in 841 ms
Mar 26, 2015 12:10:35 AM org.apache.catalina.startup.HostConfig deployDirectory
INFO: Deploying web application directory /opt/tomcat/webapps/docs
Mar 26, 2015 12:10:35 AM org.apache.catalina.startup.HostConfig deployDirectory
INFO: Deployment of web application directory /opt/tomcat/webapps/docs has finished in 151 ms
Mar 26, 2015 12:10:35 AM org.apache.catalina.startup.HostConfig deployDirectory
INFO: Deploying web application directory /opt/tomcat/webapps/manager
Mar 26, 2015 12:10:35 AM org.apache.catalina.startup.HostConfig deployDirectory
INFO: Deployment of web application directory /opt/tomcat/webapps/manager has finished in 135 ms
Mar 26, 2015 12:10:35 AM org.apache.catalina.startup.HostConfig deployDirectory
INFO: Deploying web application directory /opt/tomcat/webapps/ROOT
Mar 26, 2015 12:10:38 AM org.apache.catalina.startup.HostConfig deployDirectory
INFO: Deployment of web application directory /opt/tomcat/webapps/ROOT has finished in 2,897 ms
Mar 26, 2015 12:10:38 AM org.apache.catalina.startup.HostConfig deployDirectory
INFO: Deploying web application directory /opt/tomcat/webapps/host-manager
Mar 26, 2015 12:10:38 AM org.apache.catalina.startup.HostConfig deployDirectory
INFO: Deployment of web application directory /opt/tomcat/webapps/host-manager has finished in 122 ms
Mar 26, 2015 12:10:38 AM org.apache.catalina.startup.HostConfig deployDirectory
INFO: Deploying web application directory /opt/tomcat/webapps/examples
Mar 26, 2015 12:10:39 AM org.apache.catalina.startup.HostConfig deployDirectory
INFO: Deployment of web application directory /opt/tomcat/webapps/examples has finished in 516 ms
Mar 26, 2015 12:10:39 AM org.apache.coyote.AbstractProtocol start
INFO: Starting ProtocolHandler ["http-bio-80"]
Mar 26, 2015 12:10:39 AM org.apache.coyote.AbstractProtocol start
INFO: Starting ProtocolHandler ["ajp-bio-8009"]
Mar 26, 2015 12:10:39 AM org.apache.catalina.startup.Catalina start
INFO: Server startup in 4822 ms
Mar 26, 2015 10:28:54 AM org.apache.catalina.startup.VersionLoggerListener log
INFO: Server version:        Apache Tomcat/7.0.59
Mar 26, 2015 10:28:54 AM org.apache.catalina.startup.VersionLoggerListener log
INFO: Server built:          Jan 28 2015 15:51:10 UTC
Mar 26, 2015 10:28:54 AM org.apache.catalina.startup.VersionLoggerListener log
INFO: Server number:         7.0.59.0
Mar 26, 2015 10:28:54 AM org.apache.catalina.startup.VersionLoggerListener log
INFO: OS Name:               Linux
Mar 26, 2015 10:28:54 AM org.apache.catalina.startup.VersionLoggerListener log
INFO: OS Version:            3.2.0-67-generic-pae
Mar 26, 2015 10:28:54 AM org.apache.catalina.startup.VersionLoggerListener log
INFO: Architecture:          i386
Mar 26, 2015 10:28:54 AM org.apache.catalina.startup.VersionLoggerListener log
INFO: Java Home:             /usr/lib/jvm/jdk1.8.0_31/jre
Mar 26, 2015 10:28:54 AM org.apache.catalina.startup.VersionLoggerListener log
INFO: JVM Version:           1.8.0_31-b13
Mar 26, 2015 10:28:54 AM org.apache.catalina.startup.VersionLoggerListener log
INFO: JVM Vendor:            Oracle Corporation
Mar 26, 2015 10:28:54 AM org.apache.catalina.startup.VersionLoggerListener log
INFO: CATALINA_BASE:         /opt/tomcat
Mar 26, 2015 10:28:54 AM org.apache.catalina.startup.VersionLoggerListener log
INFO: CATALINA_HOME:         /opt/tomcat
Mar 26, 2015 10:28:54 AM org.apache.catalina.startup.VersionLoggerListener log
INFO: Command line argument: -Djava.util.logging.config.file=/opt/tomcat/conf/logging.properties
Mar 26, 2015 10:28:54 AM org.apache.catalina.startup.VersionLoggerListener log
INFO: Command line argument: -Djava.util.logging.manager=org.apache.juli.ClassLoaderLogManager
Mar 26, 2015 10:28:54 AM org.apache.catalina.startup.VersionLoggerListener log
INFO: Command line argument: -Xms512m
Mar 26, 2015 10:28:54 AM org.apache.catalina.startup.VersionLoggerListener log
INFO: Command line argument: -Xmx1024m
Mar 26, 2015 10:28:54 AM org.apache.catalina.startup.VersionLoggerListener log
INFO: Command line argument: -XX:PermSize=600M
Mar 26, 2015 10:28:54 AM org.apache.catalina.startup.VersionLoggerListener log
INFO: Command line argument: -XX:MaxPermSize=600m
Mar 26, 2015 10:28:54 AM org.apache.catalina.startup.VersionLoggerListener log
INFO: Command line argument: -Dcom.sun.management.jmxremote
Mar 26, 2015 10:28:54 AM org.apache.catalina.startup.VersionLoggerListener log
INFO: Command line argument: -Djava.endorsed.dirs=/opt/tomcat/endorsed
Mar 26, 2015 10:28:54 AM org.apache.catalina.startup.VersionLoggerListener log
INFO: Command line argument: -Dcatalina.base=/opt/tomcat
Mar 26, 2015 10:28:54 AM org.apache.catalina.startup.VersionLoggerListener log
INFO: Command line argument: -Dcatalina.home=/opt/tomcat
Mar 26, 2015 10:28:54 AM org.apache.catalina.startup.VersionLoggerListener log
INFO: Command line argument: -Djava.io.tmpdir=/opt/tomcat/temp
Mar 26, 2015 10:28:54 AM org.apache.catalina.core.AprLifecycleListener lifecycleEvent
INFO: The APR based Apache Tomcat Native library which allows optimal performance in production environments was not found on the java.library.path: /usr/java/packages/lib/i386:/lib:/usr/lib
Mar 26, 2015 10:28:54 AM org.apache.coyote.AbstractProtocol init
INFO: Initializing ProtocolHandler ["http-bio-80"]
Mar 26, 2015 10:28:54 AM org.apache.coyote.AbstractProtocol init
INFO: Initializing ProtocolHandler ["ajp-bio-8009"]
Mar 26, 2015 10:28:54 AM org.apache.catalina.startup.Catalina load
INFO: Initialization processed in 1428 ms
Mar 26, 2015 10:28:55 AM org.apache.catalina.core.StandardService startInternal
INFO: Starting service Catalina
Mar 26, 2015 10:28:55 AM org.apache.catalina.core.StandardEngine startInternal
INFO: Starting Servlet Engine: Apache Tomcat/7.0.59
Mar 26, 2015 10:28:55 AM org.apache.catalina.startup.HostConfig deployDirectory
INFO: Deploying web application directory /opt/tomcat/webapps/logs
Mar 26, 2015 10:29:01 AM org.apache.catalina.util.SessionIdGeneratorBase createSecureRandom
INFO: Creation of SecureRandom instance for session ID generation using [SHA1PRNG] took [5,385] milliseconds.
Mar 26, 2015 10:29:01 AM org.apache.catalina.startup.HostConfig deployDirectory
INFO: Deployment of web application directory /opt/tomcat/webapps/logs has finished in 6,269 ms
Mar 26, 2015 10:29:01 AM org.apache.catalina.startup.HostConfig deployDirectory
INFO: Deploying web application directory /opt/tomcat/webapps/docs
Mar 26, 2015 10:29:01 AM org.apache.catalina.startup.HostConfig deployDirectory
INFO: Deployment of web application directory /opt/tomcat/webapps/docs has finished in 313 ms
Mar 26, 2015 10:29:01 AM org.apache.catalina.startup.HostConfig deployDirectory
INFO: Deploying web application directory /opt/tomcat/webapps/manager
Mar 26, 2015 10:29:01 AM org.apache.catalina.startup.HostConfig deployDirectory
INFO: Deployment of web application directory /opt/tomcat/webapps/manager has finished in 302 ms
Mar 26, 2015 10:29:01 AM org.apache.catalina.startup.HostConfig deployDirectory
INFO: Deploying web application directory /opt/tomcat/webapps/ROOT
Mar 26, 2015 10:29:07 AM org.apache.catalina.startup.HostConfig deployDirectory
INFO: Deployment of web application directory /opt/tomcat/webapps/ROOT has finished in 5,145 ms
Mar 26, 2015 10:29:07 AM org.apache.catalina.startup.HostConfig deployDirectory
INFO: Deploying web application directory /opt/tomcat/webapps/host-manager
Mar 26, 2015 10:29:07 AM org.apache.catalina.startup.HostConfig deployDirectory
INFO: Deployment of web application directory /opt/tomcat/webapps/host-manager has finished in 115 ms
Mar 26, 2015 10:29:07 AM org.apache.catalina.startup.HostConfig deployDirectory
INFO: Deploying web application directory /opt/tomcat/webapps/examples
Mar 26, 2015 10:29:07 AM org.apache.catalina.startup.HostConfig deployDirectory
INFO: Deployment of web application directory /opt/tomcat/webapps/examples has finished in 519 ms
Mar 26, 2015 10:29:07 AM org.apache.coyote.AbstractProtocol start
INFO: Starting ProtocolHandler ["http-bio-80"]
Mar 26, 2015 10:29:07 AM org.apache.coyote.AbstractProtocol start
INFO: Starting ProtocolHandler ["ajp-bio-8009"]
Mar 26, 2015 10:29:07 AM org.apache.catalina.startup.Catalina start
INFO: Server startup in 12850 ms
Mar 26, 2015 9:04:58 PM org.apache.catalina.startup.VersionLoggerListener log
INFO: Server version:        Apache Tomcat/7.0.59
Mar 26, 2015 9:04:58 PM org.apache.catalina.startup.VersionLoggerListener log
INFO: Server built:          Jan 28 2015 15:51:10 UTC
Mar 26, 2015 9:04:58 PM org.apache.catalina.startup.VersionLoggerListener log
INFO: Server number:         7.0.59.0
Mar 26, 2015 9:04:58 PM org.apache.catalina.startup.VersionLoggerListener log
INFO: OS Name:               Linux
Mar 26, 2015 9:04:58 PM org.apache.catalina.startup.VersionLoggerListener log
INFO: OS Version:            3.2.0-67-generic-pae
Mar 26, 2015 9:04:58 PM org.apache.catalina.startup.VersionLoggerListener log
INFO: Architecture:          i386
Mar 26, 2015 9:04:58 PM org.apache.catalina.startup.VersionLoggerListener log
INFO: Java Home:             /usr/lib/jvm/jdk1.8.0_31/jre
Mar 26, 2015 9:04:58 PM org.apache.catalina.startup.VersionLoggerListener log
INFO: JVM Version:           1.8.0_31-b13
Mar 26, 2015 9:04:58 PM org.apache.catalina.startup.VersionLoggerListener log
INFO: JVM Vendor:            Oracle Corporation
Mar 26, 2015 9:04:58 PM org.apache.catalina.startup.VersionLoggerListener log
INFO: CATALINA_BASE:         /opt/tomcat
Mar 26, 2015 9:04:58 PM org.apache.catalina.startup.VersionLoggerListener log
INFO: CATALINA_HOME:         /opt/tomcat
Mar 26, 2015 9:04:58 PM org.apache.catalina.startup.VersionLoggerListener log
INFO: Command line argument: -Djava.util.logging.config.file=/opt/tomcat/conf/logging.properties
Mar 26, 2015 9:04:58 PM org.apache.catalina.startup.VersionLoggerListener log
INFO: Command line argument: -Djava.util.logging.manager=org.apache.juli.ClassLoaderLogManager
Mar 26, 2015 9:04:58 PM org.apache.catalina.startup.VersionLoggerListener log
INFO: Command line argument: -Xms512m
Mar 26, 2015 9:04:58 PM org.apache.catalina.startup.VersionLoggerListener log
INFO: Command line argument: -Xmx1024m
Mar 26, 2015 9:04:58 PM org.apache.catalina.startup.VersionLoggerListener log
INFO: Command line argument: -XX:PermSize=600M
Mar 26, 2015 9:04:58 PM org.apache.catalina.startup.VersionLoggerListener log
INFO: Command line argument: -XX:MaxPermSize=600m
Mar 26, 2015 9:04:58 PM org.apache.catalina.startup.VersionLoggerListener log
INFO: Command line argument: -Dcom.sun.management.jmxremote
Mar 26, 2015 9:04:58 PM org.apache.catalina.startup.VersionLoggerListener log
INFO: Command line argument: -Djava.endorsed.dirs=/opt/tomcat/endorsed
Mar 26, 2015 9:04:58 PM org.apache.catalina.startup.VersionLoggerListener log
INFO: Command line argument: -Dcatalina.base=/opt/tomcat
Mar 26, 2015 9:04:58 PM org.apache.catalina.startup.VersionLoggerListener log
INFO: Command line argument: -Dcatalina.home=/opt/tomcat
Mar 26, 2015 9:04:58 PM org.apache.catalina.startup.VersionLoggerListener log
INFO: Command line argument: -Djava.io.tmpdir=/opt/tomcat/temp
Mar 26, 2015 9:04:58 PM org.apache.catalina.core.AprLifecycleListener lifecycleEvent
INFO: The APR based Apache Tomcat Native library which allows optimal performance in production environments was not found on the java.library.path: /usr/java/packages/lib/i386:/lib:/usr/lib
Mar 26, 2015 9:04:58 PM org.apache.coyote.AbstractProtocol init
INFO: Initializing ProtocolHandler ["http-bio-80"]
Mar 26, 2015 9:04:58 PM org.apache.coyote.AbstractProtocol init
INFO: Initializing ProtocolHandler ["ajp-bio-8009"]
Mar 26, 2015 9:04:58 PM org.apache.catalina.startup.Catalina load
INFO: Initialization processed in 1439 ms
Mar 26, 2015 9:04:58 PM org.apache.catalina.core.StandardService startInternal
INFO: Starting service Catalina
Mar 26, 2015 9:04:58 PM org.apache.catalina.core.StandardEngine startInternal
INFO: Starting Servlet Engine: Apache Tomcat/7.0.59
Mar 26, 2015 9:04:58 PM org.apache.catalina.startup.HostConfig deployDirectory
INFO: Deploying web application directory /opt/tomcat/webapps/logs
Mar 26, 2015 9:04:59 PM org.apache.catalina.startup.HostConfig deployDirectory
INFO: Deployment of web application directory /opt/tomcat/webapps/logs has finished in 838 ms
Mar 26, 2015 9:04:59 PM org.apache.catalina.startup.HostConfig deployDirectory
INFO: Deploying web application directory /opt/tomcat/webapps/docs
Mar 26, 2015 9:04:59 PM org.apache.catalina.startup.HostConfig deployDirectory
INFO: Deployment of web application directory /opt/tomcat/webapps/docs has finished in 150 ms
Mar 26, 2015 9:04:59 PM org.apache.catalina.startup.HostConfig deployDirectory
INFO: Deploying web application directory /opt/tomcat/webapps/manager
Mar 26, 2015 9:04:59 PM org.apache.catalina.startup.HostConfig deployDirectory
INFO: Deployment of web application directory /opt/tomcat/webapps/manager has finished in 257 ms
Mar 26, 2015 9:05:00 PM org.apache.catalina.startup.HostConfig deployDirectory
INFO: Deploying web application directory /opt/tomcat/webapps/ROOT
Mar 26, 2015 9:05:03 PM org.apache.catalina.startup.HostConfig deployDirectory
INFO: Deployment of web application directory /opt/tomcat/webapps/ROOT has finished in 3,187 ms
Mar 26, 2015 9:05:03 PM org.apache.catalina.startup.HostConfig deployDirectory
INFO: Deploying web application directory /opt/tomcat/webapps/host-manager
Mar 26, 2015 9:05:03 PM org.apache.catalina.startup.HostConfig deployDirectory
INFO: Deployment of web application directory /opt/tomcat/webapps/host-manager has finished in 129 ms
Mar 26, 2015 9:05:03 PM org.apache.catalina.startup.HostConfig deployDirectory
INFO: Deploying web application directory /opt/tomcat/webapps/examples
Mar 26, 2015 9:05:03 PM org.apache.catalina.startup.HostConfig deployDirectory
INFO: Deployment of web application directory /opt/tomcat/webapps/examples has finished in 543 ms
Mar 26, 2015 9:05:03 PM org.apache.coyote.AbstractProtocol start
INFO: Starting ProtocolHandler ["http-bio-80"]
Mar 26, 2015 9:05:03 PM org.apache.coyote.AbstractProtocol start
INFO: Starting ProtocolHandler ["ajp-bio-8009"]
Mar 26, 2015 9:05:03 PM org.apache.catalina.startup.Catalina start
INFO: Server startup in 5273 ms
Mar 26, 2015 10:13:20 PM org.apache.catalina.startup.VersionLoggerListener log
INFO: Server version:        Apache Tomcat/7.0.59
Mar 26, 2015 10:13:20 PM org.apache.catalina.startup.VersionLoggerListener log
INFO: Server built:          Jan 28 2015 15:51:10 UTC
Mar 26, 2015 10:13:20 PM org.apache.catalina.startup.VersionLoggerListener log
INFO: Server number:         7.0.59.0
Mar 26, 2015 10:13:20 PM org.apache.catalina.startup.VersionLoggerListener log
INFO: OS Name:               Linux
Mar 26, 2015 10:13:20 PM org.apache.catalina.startup.VersionLoggerListener log
INFO: OS Version:            3.2.0-67-generic-pae
Mar 26, 2015 10:13:20 PM org.apache.catalina.startup.VersionLoggerListener log
INFO: Architecture:          i386
Mar 26, 2015 10:13:20 PM org.apache.catalina.startup.VersionLoggerListener log
INFO: Java Home:             /usr/lib/jvm/jdk1.8.0_31/jre
Mar 26, 2015 10:13:20 PM org.apache.catalina.startup.VersionLoggerListener log
INFO: JVM Version:           1.8.0_31-b13
Mar 26, 2015 10:13:20 PM org.apache.catalina.startup.VersionLoggerListener log
INFO: JVM Vendor:            Oracle Corporation
Mar 26, 2015 10:13:20 PM org.apache.catalina.startup.VersionLoggerListener log
INFO: CATALINA_BASE:         /opt/tomcat
Mar 26, 2015 10:13:20 PM org.apache.catalina.startup.VersionLoggerListener log
INFO: CATALINA_HOME:         /opt/tomcat
Mar 26, 2015 10:13:20 PM org.apache.catalina.startup.VersionLoggerListener log
INFO: Command line argument: -Djava.util.logging.config.file=/opt/tomcat/conf/logging.properties
Mar 26, 2015 10:13:20 PM org.apache.catalina.startup.VersionLoggerListener log
INFO: Command line argument: -Djava.util.logging.manager=org.apache.juli.ClassLoaderLogManager
Mar 26, 2015 10:13:20 PM org.apache.catalina.startup.VersionLoggerListener log
INFO: Command line argument: -Xms512m
Mar 26, 2015 10:13:20 PM org.apache.catalina.startup.VersionLoggerListener log
INFO: Command line argument: -Xmx1024m
Mar 26, 2015 10:13:20 PM org.apache.catalina.startup.VersionLoggerListener log
INFO: Command line argument: -XX:PermSize=600M
Mar 26, 2015 10:13:20 PM org.apache.catalina.startup.VersionLoggerListener log
INFO: Command line argument: -XX:MaxPermSize=600m
Mar 26, 2015 10:13:20 PM org.apache.catalina.startup.VersionLoggerListener log
INFO: Command line argument: -Dcom.sun.management.jmxremote
Mar 26, 2015 10:13:20 PM org.apache.catalina.startup.VersionLoggerListener log
INFO: Command line argument: -Djava.endorsed.dirs=/opt/tomcat/endorsed
Mar 26, 2015 10:13:20 PM org.apache.catalina.startup.VersionLoggerListener log
INFO: Command line argument: -Dcatalina.base=/opt/tomcat
Mar 26, 2015 10:13:20 PM org.apache.catalina.startup.VersionLoggerListener log
INFO: Command line argument: -Dcatalina.home=/opt/tomcat
Mar 26, 2015 10:13:20 PM org.apache.catalina.startup.VersionLoggerListener log
INFO: Command line argument: -Djava.io.tmpdir=/opt/tomcat/temp
Mar 26, 2015 10:13:20 PM org.apache.catalina.core.AprLifecycleListener lifecycleEvent
INFO: The APR based Apache Tomcat Native library which allows optimal performance in production environments was not found on the java.library.path: /usr/java/packages/lib/i386:/lib:/usr/lib
Mar 26, 2015 10:13:20 PM org.apache.coyote.AbstractProtocol init
INFO: Initializing ProtocolHandler ["http-bio-80"]
Mar 26, 2015 10:13:20 PM org.apache.coyote.AbstractProtocol init
SEVERE: Failed to initialize end point associated with ProtocolHandler ["http-bio-80"]
java.net.BindException: Address already in use <null>:80
	at org.apache.tomcat.util.net.JIoEndpoint.bind(JIoEndpoint.java:411)
	at org.apache.tomcat.util.net.AbstractEndpoint.init(AbstractEndpoint.java:646)
	at org.apache.coyote.AbstractProtocol.init(AbstractProtocol.java:434)
	at org.apache.coyote.http11.AbstractHttp11JsseProtocol.init(AbstractHttp11JsseProtocol.java:119)
	at org.apache.catalina.connector.Connector.initInternal(Connector.java:978)
	at org.apache.catalina.util.LifecycleBase.init(LifecycleBase.java:102)
	at org.apache.catalina.core.StandardService.initInternal(StandardService.java:559)
	at org.apache.catalina.util.LifecycleBase.init(LifecycleBase.java:102)
	at org.apache.catalina.core.StandardServer.initInternal(StandardServer.java:821)
	at org.apache.catalina.util.LifecycleBase.init(LifecycleBase.java:102)
	at org.apache.catalina.startup.Catalina.load(Catalina.java:638)
	at org.apache.catalina.startup.Catalina.load(Catalina.java:663)
	at sun.reflect.NativeMethodAccessorImpl.invoke0(Native Method)
	at sun.reflect.NativeMethodAccessorImpl.invoke(NativeMethodAccessorImpl.java:62)
	at sun.reflect.DelegatingMethodAccessorImpl.invoke(DelegatingMethodAccessorImpl.java:43)
	at java.lang.reflect.Method.invoke(Method.java:483)
	at org.apache.catalina.startup.Bootstrap.load(Bootstrap.java:280)
	at org.apache.catalina.startup.Bootstrap.main(Bootstrap.java:454)
Caused by: java.net.BindException: Address already in use
	at java.net.PlainSocketImpl.socketBind(Native Method)
	at java.net.AbstractPlainSocketImpl.bind(AbstractPlainSocketImpl.java:382)
	at java.net.ServerSocket.bind(ServerSocket.java:375)
	at java.net.ServerSocket.<init>(ServerSocket.java:237)
	at java.net.ServerSocket.<init>(ServerSocket.java:181)
	at org.apache.tomcat.util.net.DefaultServerSocketFactory.createSocket(DefaultServerSocketFactory.java:49)
	at org.apache.tomcat.util.net.JIoEndpoint.bind(JIoEndpoint.java:398)
	... 17 more

Mar 26, 2015 10:13:20 PM org.apache.catalina.core.StandardService initInternal
SEVERE: Failed to initialize connector [Connector[HTTP/1.1-80]]
org.apache.catalina.LifecycleException: Failed to initialize component [Connector[HTTP/1.1-80]]
	at org.apache.catalina.util.LifecycleBase.init(LifecycleBase.java:106)
	at org.apache.catalina.core.StandardService.initInternal(StandardService.java:559)
	at org.apache.catalina.util.LifecycleBase.init(LifecycleBase.java:102)
	at org.apache.catalina.core.StandardServer.initInternal(StandardServer.java:821)
	at org.apache.catalina.util.LifecycleBase.init(LifecycleBase.java:102)
	at org.apache.catalina.startup.Catalina.load(Catalina.java:638)
	at org.apache.catalina.startup.Catalina.load(Catalina.java:663)
	at sun.reflect.NativeMethodAccessorImpl.invoke0(Native Method)
	at sun.reflect.NativeMethodAccessorImpl.invoke(NativeMethodAccessorImpl.java:62)
	at sun.reflect.DelegatingMethodAccessorImpl.invoke(DelegatingMethodAccessorImpl.java:43)
	at java.lang.reflect.Method.invoke(Method.java:483)
	at org.apache.catalina.startup.Bootstrap.load(Bootstrap.java:280)
	at org.apache.catalina.startup.Bootstrap.main(Bootstrap.java:454)
Caused by: org.apache.catalina.LifecycleException: Protocol handler initialization failed
	at org.apache.catalina.connector.Connector.initInternal(Connector.java:980)
	at org.apache.catalina.util.LifecycleBase.init(LifecycleBase.java:102)
	... 12 more
Caused by: java.net.BindException: Address already in use <null>:80
	at org.apache.tomcat.util.net.JIoEndpoint.bind(JIoEndpoint.java:411)
	at org.apache.tomcat.util.net.AbstractEndpoint.init(AbstractEndpoint.java:646)
	at org.apache.coyote.AbstractProtocol.init(AbstractProtocol.java:434)
	at org.apache.coyote.http11.AbstractHttp11JsseProtocol.init(AbstractHttp11JsseProtocol.java:119)
	at org.apache.catalina.connector.Connector.initInternal(Connector.java:978)
	... 13 more
Caused by: java.net.BindException: Address already in use
	at java.net.PlainSocketImpl.socketBind(Native Method)
	at java.net.AbstractPlainSocketImpl.bind(AbstractPlainSocketImpl.java:382)
	at java.net.ServerSocket.bind(ServerSocket.java:375)
	at java.net.ServerSocket.<init>(ServerSocket.java:237)
	at java.net.ServerSocket.<init>(ServerSocket.java:181)
	at org.apache.tomcat.util.net.DefaultServerSocketFactory.createSocket(DefaultServerSocketFactory.java:49)
	at org.apache.tomcat.util.net.JIoEndpoint.bind(JIoEndpoint.java:398)
	... 17 more

Mar 26, 2015 10:13:20 PM org.apache.coyote.AbstractProtocol init
INFO: Initializing ProtocolHandler ["ajp-bio-8009"]
Mar 26, 2015 10:13:20 PM org.apache.coyote.AbstractProtocol init
SEVERE: Failed to initialize end point associated with ProtocolHandler ["ajp-bio-8009"]
java.net.BindException: Address already in use <null>:8009
	at org.apache.tomcat.util.net.JIoEndpoint.bind(JIoEndpoint.java:411)
	at org.apache.tomcat.util.net.AbstractEndpoint.init(AbstractEndpoint.java:646)
	at org.apache.coyote.AbstractProtocol.init(AbstractProtocol.java:434)
	at org.apache.catalina.connector.Connector.initInternal(Connector.java:978)
	at org.apache.catalina.util.LifecycleBase.init(LifecycleBase.java:102)
	at org.apache.catalina.core.StandardService.initInternal(StandardService.java:559)
	at org.apache.catalina.util.LifecycleBase.init(LifecycleBase.java:102)
	at org.apache.catalina.core.StandardServer.initInternal(StandardServer.java:821)
	at org.apache.catalina.util.LifecycleBase.init(LifecycleBase.java:102)
	at org.apache.catalina.startup.Catalina.load(Catalina.java:638)
	at org.apache.catalina.startup.Catalina.load(Catalina.java:663)
	at sun.reflect.NativeMethodAccessorImpl.invoke0(Native Method)
	at sun.reflect.NativeMethodAccessorImpl.invoke(NativeMethodAccessorImpl.java:62)
	at sun.reflect.DelegatingMethodAccessorImpl.invoke(DelegatingMethodAccessorImpl.java:43)
	at java.lang.reflect.Method.invoke(Method.java:483)
	at org.apache.catalina.startup.Bootstrap.load(Bootstrap.java:280)
	at org.apache.catalina.startup.Bootstrap.main(Bootstrap.java:454)
Caused by: java.net.BindException: Address already in use
	at java.net.PlainSocketImpl.socketBind(Native Method)
	at java.net.AbstractPlainSocketImpl.bind(AbstractPlainSocketImpl.java:382)
	at java.net.ServerSocket.bind(ServerSocket.java:375)
	at java.net.ServerSocket.<init>(ServerSocket.java:237)
	at java.net.ServerSocket.<init>(ServerSocket.java:181)
	at org.apache.tomcat.util.net.DefaultServerSocketFactory.createSocket(DefaultServerSocketFactory.java:49)
	at org.apache.tomcat.util.net.JIoEndpoint.bind(JIoEndpoint.java:398)
	... 16 more

Mar 26, 2015 10:13:20 PM org.apache.catalina.core.StandardService initInternal
SEVERE: Failed to initialize connector [Connector[AJP/1.3-8009]]
org.apache.catalina.LifecycleException: Failed to initialize component [Connector[AJP/1.3-8009]]
	at org.apache.catalina.util.LifecycleBase.init(LifecycleBase.java:106)
	at org.apache.catalina.core.StandardService.initInternal(StandardService.java:559)
	at org.apache.catalina.util.LifecycleBase.init(LifecycleBase.java:102)
	at org.apache.catalina.core.StandardServer.initInternal(StandardServer.java:821)
	at org.apache.catalina.util.LifecycleBase.init(LifecycleBase.java:102)
	at org.apache.catalina.startup.Catalina.load(Catalina.java:638)
	at org.apache.catalina.startup.Catalina.load(Catalina.java:663)
	at sun.reflect.NativeMethodAccessorImpl.invoke0(Native Method)
	at sun.reflect.NativeMethodAccessorImpl.invoke(NativeMethodAccessorImpl.java:62)
	at sun.reflect.DelegatingMethodAccessorImpl.invoke(DelegatingMethodAccessorImpl.java:43)
	at java.lang.reflect.Method.invoke(Method.java:483)
	at org.apache.catalina.startup.Bootstrap.load(Bootstrap.java:280)
	at org.apache.catalina.startup.Bootstrap.main(Bootstrap.java:454)
Caused by: org.apache.catalina.LifecycleException: Protocol handler initialization failed
	at org.apache.catalina.connector.Connector.initInternal(Connector.java:980)
	at org.apache.catalina.util.LifecycleBase.init(LifecycleBase.java:102)
	... 12 more
Caused by: java.net.BindException: Address already in use <null>:8009
	at org.apache.tomcat.util.net.JIoEndpoint.bind(JIoEndpoint.java:411)
	at org.apache.tomcat.util.net.AbstractEndpoint.init(AbstractEndpoint.java:646)
	at org.apache.coyote.AbstractProtocol.init(AbstractProtocol.java:434)
	at org.apache.catalina.connector.Connector.initInternal(Connector.java:978)
	... 13 more
Caused by: java.net.BindException: Address already in use
	at java.net.PlainSocketImpl.socketBind(Native Method)
	at java.net.AbstractPlainSocketImpl.bind(AbstractPlainSocketImpl.java:382)
	at java.net.ServerSocket.bind(ServerSocket.java:375)
	at java.net.ServerSocket.<init>(ServerSocket.java:237)
	at java.net.ServerSocket.<init>(ServerSocket.java:181)
	at org.apache.tomcat.util.net.DefaultServerSocketFactory.createSocket(DefaultServerSocketFactory.java:49)
	at org.apache.tomcat.util.net.JIoEndpoint.bind(JIoEndpoint.java:398)
	... 16 more

Mar 26, 2015 10:13:20 PM org.apache.catalina.startup.Catalina load
INFO: Initialization processed in 1479 ms
Mar 26, 2015 10:13:20 PM org.apache.catalina.core.StandardService startInternal
INFO: Starting service Catalina
Mar 26, 2015 10:13:20 PM org.apache.catalina.core.StandardEngine startInternal
INFO: Starting Servlet Engine: Apache Tomcat/7.0.59
Mar 26, 2015 10:13:20 PM org.apache.catalina.startup.HostConfig deployDirectory
INFO: Deploying web application directory /opt/tomcat/webapps/logs
Mar 26, 2015 10:13:21 PM org.apache.catalina.startup.HostConfig deployDirectory
INFO: Deployment of web application directory /opt/tomcat/webapps/logs has finished in 845 ms
Mar 26, 2015 10:13:21 PM org.apache.catalina.startup.HostConfig deployDirectory
INFO: Deploying web application directory /opt/tomcat/webapps/docs
Mar 26, 2015 10:13:21 PM org.apache.catalina.startup.HostConfig deployDirectory
INFO: Deployment of web application directory /opt/tomcat/webapps/docs has finished in 145 ms
Mar 26, 2015 10:13:21 PM org.apache.catalina.startup.HostConfig deployDirectory
INFO: Deploying web application directory /opt/tomcat/webapps/manager
Mar 26, 2015 10:13:22 PM org.apache.catalina.startup.HostConfig deployDirectory
INFO: Deployment of web application directory /opt/tomcat/webapps/manager has finished in 140 ms
Mar 26, 2015 10:13:22 PM org.apache.catalina.startup.HostConfig deployDirectory
INFO: Deploying web application directory /opt/tomcat/webapps/ROOT
Mar 26, 2015 10:13:25 PM org.apache.catalina.startup.HostConfig deployDirectory
INFO: Deployment of web application directory /opt/tomcat/webapps/ROOT has finished in 3,030 ms
Mar 26, 2015 10:13:25 PM org.apache.catalina.startup.HostConfig deployDirectory
INFO: Deploying web application directory /opt/tomcat/webapps/host-manager
Mar 26, 2015 10:13:25 PM org.apache.catalina.startup.HostConfig deployDirectory
INFO: Deployment of web application directory /opt/tomcat/webapps/host-manager has finished in 102 ms
Mar 26, 2015 10:13:25 PM org.apache.catalina.startup.HostConfig deployDirectory
INFO: Deploying web application directory /opt/tomcat/webapps/examples
Mar 26, 2015 10:13:25 PM org.apache.catalina.startup.HostConfig deployDirectory
INFO: Deployment of web application directory /opt/tomcat/webapps/examples has finished in 523 ms
Mar 26, 2015 10:13:25 PM org.apache.catalina.startup.Catalina start
INFO: Server startup in 4921 ms
Mar 26, 2015 10:13:25 PM org.apache.catalina.core.StandardServer await
SEVERE: StandardServer.await: create[localhost:8005]: 
java.net.BindException: Address already in use
	at java.net.PlainSocketImpl.socketBind(Native Method)
	at java.net.AbstractPlainSocketImpl.bind(AbstractPlainSocketImpl.java:382)
	at java.net.ServerSocket.bind(ServerSocket.java:375)
	at java.net.ServerSocket.<init>(ServerSocket.java:237)
	at org.apache.catalina.core.StandardServer.await(StandardServer.java:427)
	at org.apache.catalina.startup.Catalina.await(Catalina.java:777)
	at org.apache.catalina.startup.Catalina.start(Catalina.java:723)
	at sun.reflect.NativeMethodAccessorImpl.invoke0(Native Method)
	at sun.reflect.NativeMethodAccessorImpl.invoke(NativeMethodAccessorImpl.java:62)
	at sun.reflect.DelegatingMethodAccessorImpl.invoke(DelegatingMethodAccessorImpl.java:43)
	at java.lang.reflect.Method.invoke(Method.java:483)
	at org.apache.catalina.startup.Bootstrap.start(Bootstrap.java:321)
	at org.apache.catalina.startup.Bootstrap.main(Bootstrap.java:455)

Mar 26, 2015 10:13:25 PM org.apache.coyote.AbstractProtocol pause
INFO: Pausing ProtocolHandler ["http-bio-80"]
Mar 26, 2015 10:13:25 PM org.apache.coyote.AbstractProtocol pause
INFO: Pausing ProtocolHandler ["ajp-bio-8009"]
Mar 26, 2015 10:13:25 PM org.apache.catalina.core.StandardService stopInternal
INFO: Stopping service Catalina
Mar 26, 2015 10:13:25 PM org.apache.catalina.loader.WebappClassLoader clearReferencesThreads
SEVERE: The web application [] appears to have started a thread named [AutoSendMailJob_Worker-1] but has failed to stop it. This is very likely to create a memory leak.
Mar 26, 2015 10:13:25 PM org.apache.catalina.loader.WebappClassLoader clearReferencesThreads
SEVERE: The web application [] appears to have started a thread named [AutoSendMailJob_Worker-2] but has failed to stop it. This is very likely to create a memory leak.
Mar 26, 2015 10:13:25 PM org.apache.catalina.loader.WebappClassLoader clearReferencesThreads
SEVERE: The web application [] appears to have started a thread named [Timer-0] but has failed to stop it. This is very likely to create a memory leak.
Mar 26, 2015 10:13:25 PM org.apache.coyote.AbstractProtocol stop
INFO: Stopping ProtocolHandler ["http-bio-80"]
Mar 26, 2015 10:13:25 PM org.apache.coyote.AbstractProtocol destroy
INFO: Destroying ProtocolHandler ["http-bio-80"]
Mar 26, 2015 10:13:25 PM org.apache.coyote.AbstractProtocol stop
INFO: Stopping ProtocolHandler ["ajp-bio-8009"]
Mar 26, 2015 10:13:25 PM org.apache.coyote.AbstractProtocol destroy
INFO: Destroying ProtocolHandler ["ajp-bio-8009"]
Mar 26, 2015 10:23:46 PM org.apache.catalina.startup.VersionLoggerListener log
INFO: Server version:        Apache Tomcat/7.0.59
Mar 26, 2015 10:23:46 PM org.apache.catalina.startup.VersionLoggerListener log
INFO: Server built:          Jan 28 2015 15:51:10 UTC
Mar 26, 2015 10:23:46 PM org.apache.catalina.startup.VersionLoggerListener log
INFO: Server number:         7.0.59.0
Mar 26, 2015 10:23:46 PM org.apache.catalina.startup.VersionLoggerListener log
INFO: OS Name:               Linux
Mar 26, 2015 10:23:46 PM org.apache.catalina.startup.VersionLoggerListener log
INFO: OS Version:            3.2.0-67-generic-pae
Mar 26, 2015 10:23:46 PM org.apache.catalina.startup.VersionLoggerListener log
INFO: Architecture:          i386
Mar 26, 2015 10:23:46 PM org.apache.catalina.startup.VersionLoggerListener log
INFO: Java Home:             /usr/lib/jvm/jdk1.8.0_31/jre
Mar 26, 2015 10:23:46 PM org.apache.catalina.startup.VersionLoggerListener log
INFO: JVM Version:           1.8.0_31-b13
Mar 26, 2015 10:23:46 PM org.apache.catalina.startup.VersionLoggerListener log
INFO: JVM Vendor:            Oracle Corporation
Mar 26, 2015 10:23:46 PM org.apache.catalina.startup.VersionLoggerListener log
INFO: CATALINA_BASE:         /opt/tomcat
Mar 26, 2015 10:23:46 PM org.apache.catalina.startup.VersionLoggerListener log
INFO: CATALINA_HOME:         /opt/tomcat
Mar 26, 2015 10:23:46 PM org.apache.catalina.startup.VersionLoggerListener log
INFO: Command line argument: -Djava.util.logging.config.file=/opt/tomcat/conf/logging.properties
Mar 26, 2015 10:23:46 PM org.apache.catalina.startup.VersionLoggerListener log
INFO: Command line argument: -Djava.util.logging.manager=org.apache.juli.ClassLoaderLogManager
Mar 26, 2015 10:23:46 PM org.apache.catalina.startup.VersionLoggerListener log
INFO: Command line argument: -Xms512m
Mar 26, 2015 10:23:46 PM org.apache.catalina.startup.VersionLoggerListener log
INFO: Command line argument: -Xmx1024m
Mar 26, 2015 10:23:46 PM org.apache.catalina.startup.VersionLoggerListener log
INFO: Command line argument: -XX:PermSize=600M
Mar 26, 2015 10:23:46 PM org.apache.catalina.startup.VersionLoggerListener log
INFO: Command line argument: -XX:MaxPermSize=600m
Mar 26, 2015 10:23:46 PM org.apache.catalina.startup.VersionLoggerListener log
INFO: Command line argument: -Dcom.sun.management.jmxremote
Mar 26, 2015 10:23:46 PM org.apache.catalina.startup.VersionLoggerListener log
INFO: Command line argument: -Djava.endorsed.dirs=/opt/tomcat/endorsed
Mar 26, 2015 10:23:46 PM org.apache.catalina.startup.VersionLoggerListener log
INFO: Command line argument: -Dcatalina.base=/opt/tomcat
Mar 26, 2015 10:23:46 PM org.apache.catalina.startup.VersionLoggerListener log
INFO: Command line argument: -Dcatalina.home=/opt/tomcat
Mar 26, 2015 10:23:46 PM org.apache.catalina.startup.VersionLoggerListener log
INFO: Command line argument: -Djava.io.tmpdir=/opt/tomcat/temp
Mar 26, 2015 10:23:46 PM org.apache.catalina.core.AprLifecycleListener lifecycleEvent
INFO: The APR based Apache Tomcat Native library which allows optimal performance in production environments was not found on the java.library.path: /usr/java/packages/lib/i386:/lib:/usr/lib
Mar 26, 2015 10:23:47 PM org.apache.coyote.AbstractProtocol init
INFO: Initializing ProtocolHandler ["http-bio-80"]
Mar 26, 2015 10:23:47 PM org.apache.coyote.AbstractProtocol init
INFO: Initializing ProtocolHandler ["ajp-bio-8009"]
Mar 26, 2015 10:23:47 PM org.apache.catalina.startup.Catalina load
INFO: Initialization processed in 1443 ms
Mar 26, 2015 10:23:47 PM org.apache.catalina.core.StandardService startInternal
INFO: Starting service Catalina
Mar 26, 2015 10:23:47 PM org.apache.catalina.core.StandardEngine startInternal
INFO: Starting Servlet Engine: Apache Tomcat/7.0.59
Mar 26, 2015 10:23:47 PM org.apache.catalina.startup.HostConfig deployDirectory
INFO: Deploying web application directory /opt/tomcat/webapps/logs
Mar 26, 2015 10:23:48 PM org.apache.catalina.startup.HostConfig deployDirectory
INFO: Deployment of web application directory /opt/tomcat/webapps/logs has finished in 801 ms
Mar 26, 2015 10:23:48 PM org.apache.catalina.startup.HostConfig deployDirectory
INFO: Deploying web application directory /opt/tomcat/webapps/docs
Mar 26, 2015 10:23:48 PM org.apache.catalina.startup.HostConfig deployDirectory
INFO: Deployment of web application directory /opt/tomcat/webapps/docs has finished in 153 ms
Mar 26, 2015 10:23:48 PM org.apache.catalina.startup.HostConfig deployDirectory
INFO: Deploying web application directory /opt/tomcat/webapps/manager
Mar 26, 2015 10:23:48 PM org.apache.catalina.startup.HostConfig deployDirectory
INFO: Deployment of web application directory /opt/tomcat/webapps/manager has finished in 165 ms
Mar 26, 2015 10:23:48 PM org.apache.catalina.startup.HostConfig deployDirectory
INFO: Deploying web application directory /opt/tomcat/webapps/ROOT
Mar 26, 2015 10:23:51 PM org.apache.catalina.startup.HostConfig deployDirectory
INFO: Deployment of web application directory /opt/tomcat/webapps/ROOT has finished in 2,977 ms
Mar 26, 2015 10:23:51 PM org.apache.catalina.startup.HostConfig deployDirectory
INFO: Deploying web application directory /opt/tomcat/webapps/host-manager
Mar 26, 2015 10:23:51 PM org.apache.catalina.startup.HostConfig deployDirectory
INFO: Deployment of web application directory /opt/tomcat/webapps/host-manager has finished in 128 ms
Mar 26, 2015 10:23:51 PM org.apache.catalina.startup.HostConfig deployDirectory
INFO: Deploying web application directory /opt/tomcat/webapps/examples
Mar 26, 2015 10:23:51 PM org.apache.catalina.startup.HostConfig deployDirectory
INFO: Deployment of web application directory /opt/tomcat/webapps/examples has finished in 518 ms
Mar 26, 2015 10:23:52 PM org.apache.coyote.AbstractProtocol start
INFO: Starting ProtocolHandler ["http-bio-80"]
Mar 26, 2015 10:23:52 PM org.apache.coyote.AbstractProtocol start
INFO: Starting ProtocolHandler ["ajp-bio-8009"]
Mar 26, 2015 10:23:52 PM org.apache.catalina.startup.Catalina start
INFO: Server startup in 4892 ms
Mar 26, 2015 10:39:34 PM org.apache.catalina.startup.VersionLoggerListener log
INFO: Server version:        Apache Tomcat/7.0.59
Mar 26, 2015 10:39:34 PM org.apache.catalina.startup.VersionLoggerListener log
INFO: Server built:          Jan 28 2015 15:51:10 UTC
Mar 26, 2015 10:39:34 PM org.apache.catalina.startup.VersionLoggerListener log
INFO: Server number:         7.0.59.0
Mar 26, 2015 10:39:34 PM org.apache.catalina.startup.VersionLoggerListener log
INFO: OS Name:               Linux
Mar 26, 2015 10:39:34 PM org.apache.catalina.startup.VersionLoggerListener log
INFO: OS Version:            3.2.0-67-generic-pae
Mar 26, 2015 10:39:34 PM org.apache.catalina.startup.VersionLoggerListener log
INFO: Architecture:          i386
Mar 26, 2015 10:39:34 PM org.apache.catalina.startup.VersionLoggerListener log
INFO: Java Home:             /usr/lib/jvm/jdk1.8.0_31/jre
Mar 26, 2015 10:39:34 PM org.apache.catalina.startup.VersionLoggerListener log
INFO: JVM Version:           1.8.0_31-b13
Mar 26, 2015 10:39:34 PM org.apache.catalina.startup.VersionLoggerListener log
INFO: JVM Vendor:            Oracle Corporation
Mar 26, 2015 10:39:34 PM org.apache.catalina.startup.VersionLoggerListener log
INFO: CATALINA_BASE:         /opt/tomcat
Mar 26, 2015 10:39:34 PM org.apache.catalina.startup.VersionLoggerListener log
INFO: CATALINA_HOME:         /opt/tomcat
Mar 26, 2015 10:39:34 PM org.apache.catalina.startup.VersionLoggerListener log
INFO: Command line argument: -Djava.util.logging.config.file=/opt/tomcat/conf/logging.properties
Mar 26, 2015 10:39:34 PM org.apache.catalina.startup.VersionLoggerListener log
INFO: Command line argument: -Djava.util.logging.manager=org.apache.juli.ClassLoaderLogManager
Mar 26, 2015 10:39:34 PM org.apache.catalina.startup.VersionLoggerListener log
INFO: Command line argument: -Xms512m
Mar 26, 2015 10:39:34 PM org.apache.catalina.startup.VersionLoggerListener log
INFO: Command line argument: -Xmx1024m
Mar 26, 2015 10:39:34 PM org.apache.catalina.startup.VersionLoggerListener log
INFO: Command line argument: -XX:PermSize=600M
Mar 26, 2015 10:39:34 PM org.apache.catalina.startup.VersionLoggerListener log
INFO: Command line argument: -XX:MaxPermSize=600m
Mar 26, 2015 10:39:34 PM org.apache.catalina.startup.VersionLoggerListener log
INFO: Command line argument: -Dcom.sun.management.jmxremote
Mar 26, 2015 10:39:34 PM org.apache.catalina.startup.VersionLoggerListener log
INFO: Command line argument: -Djava.endorsed.dirs=/opt/tomcat/endorsed
Mar 26, 2015 10:39:34 PM org.apache.catalina.startup.VersionLoggerListener log
INFO: Command line argument: -Dcatalina.base=/opt/tomcat
Mar 26, 2015 10:39:34 PM org.apache.catalina.startup.VersionLoggerListener log
INFO: Command line argument: -Dcatalina.home=/opt/tomcat
Mar 26, 2015 10:39:34 PM org.apache.catalina.startup.VersionLoggerListener log
INFO: Command line argument: -Djava.io.tmpdir=/opt/tomcat/temp
Mar 26, 2015 10:39:34 PM org.apache.catalina.core.AprLifecycleListener lifecycleEvent
INFO: The APR based Apache Tomcat Native library which allows optimal performance in production environments was not found on the java.library.path: /usr/java/packages/lib/i386:/lib:/usr/lib
Mar 26, 2015 10:39:35 PM org.apache.coyote.AbstractProtocol init
INFO: Initializing ProtocolHandler ["http-bio-80"]
Mar 26, 2015 10:39:35 PM org.apache.coyote.AbstractProtocol init
INFO: Initializing ProtocolHandler ["ajp-bio-8009"]
Mar 26, 2015 10:39:35 PM org.apache.catalina.startup.Catalina load
INFO: Initialization processed in 1444 ms
Mar 26, 2015 10:39:35 PM org.apache.catalina.core.StandardService startInternal
INFO: Starting service Catalina
Mar 26, 2015 10:39:35 PM org.apache.catalina.core.StandardEngine startInternal
INFO: Starting Servlet Engine: Apache Tomcat/7.0.59
Mar 26, 2015 10:39:35 PM org.apache.catalina.startup.HostConfig deployDirectory
INFO: Deploying web application directory /opt/tomcat/webapps/logs
Mar 26, 2015 10:39:36 PM org.apache.catalina.startup.HostConfig deployDirectory
INFO: Deployment of web application directory /opt/tomcat/webapps/logs has finished in 834 ms
Mar 26, 2015 10:39:36 PM org.apache.catalina.startup.HostConfig deployDirectory
INFO: Deploying web application directory /opt/tomcat/webapps/docs
Mar 26, 2015 10:39:36 PM org.apache.catalina.startup.HostConfig deployDirectory
INFO: Deployment of web application directory /opt/tomcat/webapps/docs has finished in 170 ms
Mar 26, 2015 10:39:36 PM org.apache.catalina.startup.HostConfig deployDirectory
INFO: Deploying web application directory /opt/tomcat/webapps/manager
Mar 26, 2015 10:39:36 PM org.apache.catalina.startup.HostConfig deployDirectory
INFO: Deployment of web application directory /opt/tomcat/webapps/manager has finished in 165 ms
Mar 26, 2015 10:39:36 PM org.apache.catalina.startup.HostConfig deployDirectory
INFO: Deploying web application directory /opt/tomcat/webapps/ROOT
Mar 26, 2015 10:39:39 PM org.apache.catalina.startup.HostConfig deployDirectory
INFO: Deployment of web application directory /opt/tomcat/webapps/ROOT has finished in 2,880 ms
Mar 26, 2015 10:39:39 PM org.apache.catalina.startup.HostConfig deployDirectory
INFO: Deploying web application directory /opt/tomcat/webapps/host-manager
Mar 26, 2015 10:39:39 PM org.apache.catalina.startup.HostConfig deployDirectory
INFO: Deployment of web application directory /opt/tomcat/webapps/host-manager has finished in 108 ms
Mar 26, 2015 10:39:39 PM org.apache.catalina.startup.HostConfig deployDirectory
INFO: Deploying web application directory /opt/tomcat/webapps/examples
Mar 26, 2015 10:39:40 PM org.apache.catalina.startup.HostConfig deployDirectory
INFO: Deployment of web application directory /opt/tomcat/webapps/examples has finished in 519 ms
Mar 26, 2015 10:39:40 PM org.apache.coyote.AbstractProtocol start
INFO: Starting ProtocolHandler ["http-bio-80"]
Mar 26, 2015 10:39:40 PM org.apache.coyote.AbstractProtocol start
INFO: Starting ProtocolHandler ["ajp-bio-8009"]
Mar 26, 2015 10:39:40 PM org.apache.catalina.startup.Catalina start
INFO: Server startup in 4836 ms
Mar 26, 2015 11:12:23 PM org.apache.catalina.startup.VersionLoggerListener log
INFO: Server version:        Apache Tomcat/7.0.59
Mar 26, 2015 11:12:23 PM org.apache.catalina.startup.VersionLoggerListener log
INFO: Server built:          Jan 28 2015 15:51:10 UTC
Mar 26, 2015 11:12:23 PM org.apache.catalina.startup.VersionLoggerListener log
INFO: Server number:         7.0.59.0
Mar 26, 2015 11:12:23 PM org.apache.catalina.startup.VersionLoggerListener log
INFO: OS Name:               Linux
Mar 26, 2015 11:12:23 PM org.apache.catalina.startup.VersionLoggerListener log
INFO: OS Version:            3.2.0-67-generic-pae
Mar 26, 2015 11:12:23 PM org.apache.catalina.startup.VersionLoggerListener log
INFO: Architecture:          i386
Mar 26, 2015 11:12:23 PM org.apache.catalina.startup.VersionLoggerListener log
INFO: Java Home:             /usr/lib/jvm/jdk1.8.0_31/jre
Mar 26, 2015 11:12:23 PM org.apache.catalina.startup.VersionLoggerListener log
INFO: JVM Version:           1.8.0_31-b13
Mar 26, 2015 11:12:23 PM org.apache.catalina.startup.VersionLoggerListener log
INFO: JVM Vendor:            Oracle Corporation
Mar 26, 2015 11:12:23 PM org.apache.catalina.startup.VersionLoggerListener log
INFO: CATALINA_BASE:         /opt/tomcat
Mar 26, 2015 11:12:23 PM org.apache.catalina.startup.VersionLoggerListener log
INFO: CATALINA_HOME:         /opt/tomcat
Mar 26, 2015 11:12:23 PM org.apache.catalina.startup.VersionLoggerListener log
INFO: Command line argument: -Djava.util.logging.config.file=/opt/tomcat/conf/logging.properties
Mar 26, 2015 11:12:23 PM org.apache.catalina.startup.VersionLoggerListener log
INFO: Command line argument: -Djava.util.logging.manager=org.apache.juli.ClassLoaderLogManager
Mar 26, 2015 11:12:23 PM org.apache.catalina.startup.VersionLoggerListener log
INFO: Command line argument: -Xms512m
Mar 26, 2015 11:12:23 PM org.apache.catalina.startup.VersionLoggerListener log
INFO: Command line argument: -Xmx1024m
Mar 26, 2015 11:12:23 PM org.apache.catalina.startup.VersionLoggerListener log
INFO: Command line argument: -XX:PermSize=600M
Mar 26, 2015 11:12:23 PM org.apache.catalina.startup.VersionLoggerListener log
INFO: Command line argument: -XX:MaxPermSize=600m
Mar 26, 2015 11:12:23 PM org.apache.catalina.startup.VersionLoggerListener log
INFO: Command line argument: -Dcom.sun.management.jmxremote
Mar 26, 2015 11:12:23 PM org.apache.catalina.startup.VersionLoggerListener log
INFO: Command line argument: -Djava.endorsed.dirs=/opt/tomcat/endorsed
Mar 26, 2015 11:12:23 PM org.apache.catalina.startup.VersionLoggerListener log
INFO: Command line argument: -Dcatalina.base=/opt/tomcat
Mar 26, 2015 11:12:23 PM org.apache.catalina.startup.VersionLoggerListener log
INFO: Command line argument: -Dcatalina.home=/opt/tomcat
Mar 26, 2015 11:12:23 PM org.apache.catalina.startup.VersionLoggerListener log
INFO: Command line argument: -Djava.io.tmpdir=/opt/tomcat/temp
Mar 26, 2015 11:12:23 PM org.apache.catalina.core.AprLifecycleListener lifecycleEvent
INFO: The APR based Apache Tomcat Native library which allows optimal performance in production environments was not found on the java.library.path: /usr/java/packages/lib/i386:/lib:/usr/lib
Mar 26, 2015 11:12:23 PM org.apache.coyote.AbstractProtocol init
INFO: Initializing ProtocolHandler ["http-bio-80"]
Mar 26, 2015 11:12:24 PM org.apache.coyote.AbstractProtocol init
INFO: Initializing ProtocolHandler ["ajp-bio-8009"]
Mar 26, 2015 11:12:24 PM org.apache.catalina.startup.Catalina load
INFO: Initialization processed in 1425 ms
Mar 26, 2015 11:12:24 PM org.apache.catalina.core.StandardService startInternal
INFO: Starting service Catalina
Mar 26, 2015 11:12:24 PM org.apache.catalina.core.StandardEngine startInternal
INFO: Starting Servlet Engine: Apache Tomcat/7.0.59
Mar 26, 2015 11:12:24 PM org.apache.catalina.startup.HostConfig deployDirectory
INFO: Deploying web application directory /opt/tomcat/webapps/logs
Mar 26, 2015 11:12:24 PM org.apache.catalina.startup.HostConfig deployDirectory
INFO: Deployment of web application directory /opt/tomcat/webapps/logs has finished in 831 ms
Mar 26, 2015 11:12:24 PM org.apache.catalina.startup.HostConfig deployDirectory
INFO: Deploying web application directory /opt/tomcat/webapps/docs
Mar 26, 2015 11:12:25 PM org.apache.catalina.startup.HostConfig deployDirectory
INFO: Deployment of web application directory /opt/tomcat/webapps/docs has finished in 149 ms
Mar 26, 2015 11:12:25 PM org.apache.catalina.startup.HostConfig deployDirectory
INFO: Deploying web application directory /opt/tomcat/webapps/manager
Mar 26, 2015 11:12:25 PM org.apache.catalina.startup.HostConfig deployDirectory
INFO: Deployment of web application directory /opt/tomcat/webapps/manager has finished in 129 ms
Mar 26, 2015 11:12:25 PM org.apache.catalina.startup.HostConfig deployDirectory
INFO: Deploying web application directory /opt/tomcat/webapps/ROOT
Mar 26, 2015 11:12:28 PM org.apache.catalina.startup.HostConfig deployDirectory
INFO: Deployment of web application directory /opt/tomcat/webapps/ROOT has finished in 2,891 ms
Mar 26, 2015 11:12:28 PM org.apache.catalina.startup.HostConfig deployDirectory
INFO: Deploying web application directory /opt/tomcat/webapps/host-manager
Mar 26, 2015 11:12:28 PM org.apache.catalina.startup.HostConfig deployDirectory
INFO: Deployment of web application directory /opt/tomcat/webapps/host-manager has finished in 128 ms
Mar 26, 2015 11:12:28 PM org.apache.catalina.startup.HostConfig deployDirectory
INFO: Deploying web application directory /opt/tomcat/webapps/examples
Mar 26, 2015 11:12:28 PM org.apache.catalina.startup.HostConfig deployDirectory
INFO: Deployment of web application directory /opt/tomcat/webapps/examples has finished in 519 ms
Mar 26, 2015 11:12:28 PM org.apache.coyote.AbstractProtocol start
INFO: Starting ProtocolHandler ["http-bio-80"]
Mar 26, 2015 11:12:28 PM org.apache.coyote.AbstractProtocol start
INFO: Starting ProtocolHandler ["ajp-bio-8009"]
Mar 26, 2015 11:12:28 PM org.apache.catalina.startup.Catalina start
INFO: Server startup in 4816 ms
