Mar 26, 2015 12:10:39 AM org.apache.catalina.core.ApplicationContext log
INFO: ContextListener: contextInitialized()
Mar 26, 2015 12:10:39 AM org.apache.catalina.core.ApplicationContext log
INFO: SessionListener: contextInitialized()
Mar 26, 2015 12:10:39 AM org.apache.catalina.core.ApplicationContext log
INFO: ContextListener: attributeAdded('org.apache.jasper.compiler.TldLocationsCache', 'org.apache.jasper.compiler.TldLocationsCache@111a9e8')
Mar 26, 2015 10:29:07 AM org.apache.catalina.core.ApplicationContext log
INFO: ContextListener: contextInitialized()
Mar 26, 2015 10:29:07 AM org.apache.catalina.core.ApplicationContext log
INFO: SessionListener: contextInitialized()
Mar 26, 2015 10:29:07 AM org.apache.catalina.core.ApplicationContext log
INFO: ContextListener: attributeAdded('org.apache.jasper.compiler.TldLocationsCache', 'org.apache.jasper.compiler.TldLocationsCache@111a9e8')
Mar 26, 2015 9:05:03 PM org.apache.catalina.core.ApplicationContext log
INFO: ContextListener: contextInitialized()
Mar 26, 2015 9:05:03 PM org.apache.catalina.core.ApplicationContext log
INFO: SessionListener: contextInitialized()
Mar 26, 2015 9:05:03 PM org.apache.catalina.core.ApplicationContext log
INFO: ContextListener: attributeAdded('org.apache.jasper.compiler.TldLocationsCache', 'org.apache.jasper.compiler.TldLocationsCache@111a9e8')
Mar 26, 2015 9:45:47 PM org.apache.catalina.core.StandardWrapperValve invoke
SEVERE: Servlet.service() for servlet [WebApiServlet] in context with path [] threw exception [java.lang.reflect.InvocationTargetException] with root cause
java.lang.IllegalArgumentException: id to load is required for loading
	at org.hibernate.event.LoadEvent.<init>(LoadEvent.java:89)
	at org.hibernate.event.LoadEvent.<init>(LoadEvent.java:61)
	at org.hibernate.impl.SessionImpl.get(SessionImpl.java:1002)
	at org.hibernate.impl.SessionImpl.get(SessionImpl.java:998)
	at com.pzoom.ads.platform.backend.dao.config.GenericHbmDAO.findById(GenericHbmDAO.java:74)
	at com.pzoom.ads.platform.mail.dao.impl.ProductDaoImpl.findProductInfo(ProductDaoImpl.java:40)
	at com.pzoom.ads.platform.mail.biz.impl.ProductBizImpl.findProductInfo(ProductBizImpl.java:32)
	at com.pzoom.ads.email.api.EmailApi.selectProductDetail(EmailApi.java:333)
	at sun.reflect.NativeMethodAccessorImpl.invoke0(Native Method)
	at sun.reflect.NativeMethodAccessorImpl.invoke(NativeMethodAccessorImpl.java:62)
	at sun.reflect.DelegatingMethodAccessorImpl.invoke(DelegatingMethodAccessorImpl.java:43)
	at java.lang.reflect.Method.invoke(Method.java:483)
	at com.pzoom.ads.platform.backend.servlet.ApiServlet.execute(ApiServlet.java:149)
	at com.pzoom.ads.platform.backend.servlet.ApiServlet.doPost(ApiServlet.java:68)
	at javax.servlet.http.HttpServlet.service(HttpServlet.java:646)
	at javax.servlet.http.HttpServlet.service(HttpServlet.java:727)
	at org.apache.catalina.core.ApplicationFilterChain.internalDoFilter(ApplicationFilterChain.java:303)
	at org.apache.catalina.core.ApplicationFilterChain.doFilter(ApplicationFilterChain.java:208)
	at org.apache.tomcat.websocket.server.WsFilter.doFilter(WsFilter.java:52)
	at org.apache.catalina.core.ApplicationFilterChain.internalDoFilter(ApplicationFilterChain.java:241)
	at org.apache.catalina.core.ApplicationFilterChain.doFilter(ApplicationFilterChain.java:208)
	at org.apache.catalina.core.StandardWrapperValve.invoke(StandardWrapperValve.java:220)
	at org.apache.catalina.core.StandardContextValve.invoke(StandardContextValve.java:122)
	at org.apache.catalina.authenticator.AuthenticatorBase.invoke(AuthenticatorBase.java:504)
	at org.apache.catalina.core.StandardHostValve.invoke(StandardHostValve.java:170)
	at org.apache.catalina.valves.ErrorReportValve.invoke(ErrorReportValve.java:103)
	at org.apache.catalina.valves.AccessLogValve.invoke(AccessLogValve.java:950)
	at org.apache.catalina.core.StandardEngineValve.invoke(StandardEngineValve.java:116)
	at org.apache.catalina.connector.CoyoteAdapter.service(CoyoteAdapter.java:421)
	at org.apache.coyote.http11.AbstractHttp11Processor.process(AbstractHttp11Processor.java:1074)
	at org.apache.coyote.AbstractProtocol$AbstractConnectionHandler.process(AbstractProtocol.java:611)
	at org.apache.tomcat.util.net.JIoEndpoint$SocketProcessor.run(JIoEndpoint.java:316)
	at java.util.concurrent.ThreadPoolExecutor.runWorker(ThreadPoolExecutor.java:1142)
	at java.util.concurrent.ThreadPoolExecutor$Worker.run(ThreadPoolExecutor.java:617)
	at org.apache.tomcat.util.threads.TaskThread$WrappingRunnable.run(TaskThread.java:61)
	at java.lang.Thread.run(Thread.java:745)

Mar 26, 2015 9:46:03 PM org.apache.catalina.core.StandardWrapperValve invoke
SEVERE: Servlet.service() for servlet [WebApiServlet] in context with path [] threw exception [java.lang.reflect.InvocationTargetException] with root cause
java.lang.IllegalArgumentException: id to load is required for loading
	at org.hibernate.event.LoadEvent.<init>(LoadEvent.java:89)
	at org.hibernate.event.LoadEvent.<init>(LoadEvent.java:61)
	at org.hibernate.impl.SessionImpl.get(SessionImpl.java:1002)
	at org.hibernate.impl.SessionImpl.get(SessionImpl.java:998)
	at com.pzoom.ads.platform.backend.dao.config.GenericHbmDAO.findById(GenericHbmDAO.java:74)
	at com.pzoom.ads.platform.mail.dao.impl.ProductDaoImpl.findProductInfo(ProductDaoImpl.java:40)
	at com.pzoom.ads.platform.mail.biz.impl.ProductBizImpl.findProductInfo(ProductBizImpl.java:32)
	at com.pzoom.ads.email.api.EmailApi.selectProductDetail(EmailApi.java:333)
	at sun.reflect.NativeMethodAccessorImpl.invoke0(Native Method)
	at sun.reflect.NativeMethodAccessorImpl.invoke(NativeMethodAccessorImpl.java:62)
	at sun.reflect.DelegatingMethodAccessorImpl.invoke(DelegatingMethodAccessorImpl.java:43)
	at java.lang.reflect.Method.invoke(Method.java:483)
	at com.pzoom.ads.platform.backend.servlet.ApiServlet.execute(ApiServlet.java:149)
	at com.pzoom.ads.platform.backend.servlet.ApiServlet.doPost(ApiServlet.java:68)
	at javax.servlet.http.HttpServlet.service(HttpServlet.java:646)
	at javax.servlet.http.HttpServlet.service(HttpServlet.java:727)
	at org.apache.catalina.core.ApplicationFilterChain.internalDoFilter(ApplicationFilterChain.java:303)
	at org.apache.catalina.core.ApplicationFilterChain.doFilter(ApplicationFilterChain.java:208)
	at org.apache.tomcat.websocket.server.WsFilter.doFilter(WsFilter.java:52)
	at org.apache.catalina.core.ApplicationFilterChain.internalDoFilter(ApplicationFilterChain.java:241)
	at org.apache.catalina.core.ApplicationFilterChain.doFilter(ApplicationFilterChain.java:208)
	at org.apache.catalina.core.StandardWrapperValve.invoke(StandardWrapperValve.java:220)
	at org.apache.catalina.core.StandardContextValve.invoke(StandardContextValve.java:122)
	at org.apache.catalina.authenticator.AuthenticatorBase.invoke(AuthenticatorBase.java:504)
	at org.apache.catalina.core.StandardHostValve.invoke(StandardHostValve.java:170)
	at org.apache.catalina.valves.ErrorReportValve.invoke(ErrorReportValve.java:103)
	at org.apache.catalina.valves.AccessLogValve.invoke(AccessLogValve.java:950)
	at org.apache.catalina.core.StandardEngineValve.invoke(StandardEngineValve.java:116)
	at org.apache.catalina.connector.CoyoteAdapter.service(CoyoteAdapter.java:421)
	at org.apache.coyote.http11.AbstractHttp11Processor.process(AbstractHttp11Processor.java:1074)
	at org.apache.coyote.AbstractProtocol$AbstractConnectionHandler.process(AbstractProtocol.java:611)
	at org.apache.tomcat.util.net.JIoEndpoint$SocketProcessor.run(JIoEndpoint.java:316)
	at java.util.concurrent.ThreadPoolExecutor.runWorker(ThreadPoolExecutor.java:1142)
	at java.util.concurrent.ThreadPoolExecutor$Worker.run(ThreadPoolExecutor.java:617)
	at org.apache.tomcat.util.threads.TaskThread$WrappingRunnable.run(TaskThread.java:61)
	at java.lang.Thread.run(Thread.java:745)

Mar 26, 2015 9:46:09 PM org.apache.catalina.core.StandardWrapperValve invoke
SEVERE: Servlet.service() for servlet [WebApiServlet] in context with path [] threw exception [java.lang.reflect.InvocationTargetException] with root cause
java.lang.IllegalArgumentException: id to load is required for loading
	at org.hibernate.event.LoadEvent.<init>(LoadEvent.java:89)
	at org.hibernate.event.LoadEvent.<init>(LoadEvent.java:61)
	at org.hibernate.impl.SessionImpl.get(SessionImpl.java:1002)
	at org.hibernate.impl.SessionImpl.get(SessionImpl.java:998)
	at com.pzoom.ads.platform.backend.dao.config.GenericHbmDAO.findById(GenericHbmDAO.java:74)
	at com.pzoom.ads.platform.mail.dao.impl.ProductDaoImpl.findProductInfo(ProductDaoImpl.java:40)
	at com.pzoom.ads.platform.mail.biz.impl.ProductBizImpl.findProductInfo(ProductBizImpl.java:32)
	at com.pzoom.ads.email.api.EmailApi.selectProductDetail(EmailApi.java:333)
	at sun.reflect.NativeMethodAccessorImpl.invoke0(Native Method)
	at sun.reflect.NativeMethodAccessorImpl.invoke(NativeMethodAccessorImpl.java:62)
	at sun.reflect.DelegatingMethodAccessorImpl.invoke(DelegatingMethodAccessorImpl.java:43)
	at java.lang.reflect.Method.invoke(Method.java:483)
	at com.pzoom.ads.platform.backend.servlet.ApiServlet.execute(ApiServlet.java:149)
	at com.pzoom.ads.platform.backend.servlet.ApiServlet.doPost(ApiServlet.java:68)
	at javax.servlet.http.HttpServlet.service(HttpServlet.java:646)
	at javax.servlet.http.HttpServlet.service(HttpServlet.java:727)
	at org.apache.catalina.core.ApplicationFilterChain.internalDoFilter(ApplicationFilterChain.java:303)
	at org.apache.catalina.core.ApplicationFilterChain.doFilter(ApplicationFilterChain.java:208)
	at org.apache.tomcat.websocket.server.WsFilter.doFilter(WsFilter.java:52)
	at org.apache.catalina.core.ApplicationFilterChain.internalDoFilter(ApplicationFilterChain.java:241)
	at org.apache.catalina.core.ApplicationFilterChain.doFilter(ApplicationFilterChain.java:208)
	at org.apache.catalina.core.StandardWrapperValve.invoke(StandardWrapperValve.java:220)
	at org.apache.catalina.core.StandardContextValve.invoke(StandardContextValve.java:122)
	at org.apache.catalina.authenticator.AuthenticatorBase.invoke(AuthenticatorBase.java:504)
	at org.apache.catalina.core.StandardHostValve.invoke(StandardHostValve.java:170)
	at org.apache.catalina.valves.ErrorReportValve.invoke(ErrorReportValve.java:103)
	at org.apache.catalina.valves.AccessLogValve.invoke(AccessLogValve.java:950)
	at org.apache.catalina.core.StandardEngineValve.invoke(StandardEngineValve.java:116)
	at org.apache.catalina.connector.CoyoteAdapter.service(CoyoteAdapter.java:421)
	at org.apache.coyote.http11.AbstractHttp11Processor.process(AbstractHttp11Processor.java:1074)
	at org.apache.coyote.AbstractProtocol$AbstractConnectionHandler.process(AbstractProtocol.java:611)
	at org.apache.tomcat.util.net.JIoEndpoint$SocketProcessor.run(JIoEndpoint.java:316)
	at java.util.concurrent.ThreadPoolExecutor.runWorker(ThreadPoolExecutor.java:1142)
	at java.util.concurrent.ThreadPoolExecutor$Worker.run(ThreadPoolExecutor.java:617)
	at org.apache.tomcat.util.threads.TaskThread$WrappingRunnable.run(TaskThread.java:61)
	at java.lang.Thread.run(Thread.java:745)

Mar 26, 2015 10:13:25 PM org.apache.catalina.core.ApplicationContext log
INFO: ContextListener: contextInitialized()
Mar 26, 2015 10:13:25 PM org.apache.catalina.core.ApplicationContext log
INFO: SessionListener: contextInitialized()
Mar 26, 2015 10:13:25 PM org.apache.catalina.core.ApplicationContext log
INFO: ContextListener: attributeAdded('org.apache.jasper.compiler.TldLocationsCache', 'org.apache.jasper.compiler.TldLocationsCache@6b5ccc')
Mar 26, 2015 10:13:25 PM org.apache.catalina.core.ApplicationContext log
INFO: SessionListener: contextDestroyed()
Mar 26, 2015 10:13:25 PM org.apache.catalina.core.ApplicationContext log
INFO: ContextListener: contextDestroyed()
Mar 26, 2015 10:13:36 PM org.apache.catalina.core.StandardWrapperValve invoke
SEVERE: Servlet.service() for servlet [WebApiServlet] in context with path [] threw exception
java.lang.NullPointerException
	at com.pzoom.ads.platform.backend.servlet.ApiServlet.execute(ApiServlet.java:116)
	at com.pzoom.ads.platform.backend.servlet.ApiServlet.doPost(ApiServlet.java:68)
	at javax.servlet.http.HttpServlet.service(HttpServlet.java:646)
	at javax.servlet.http.HttpServlet.service(HttpServlet.java:727)
	at org.apache.catalina.core.ApplicationFilterChain.internalDoFilter(ApplicationFilterChain.java:303)
	at org.apache.catalina.core.ApplicationFilterChain.doFilter(ApplicationFilterChain.java:208)
	at org.apache.tomcat.websocket.server.WsFilter.doFilter(WsFilter.java:52)
	at org.apache.catalina.core.ApplicationFilterChain.internalDoFilter(ApplicationFilterChain.java:241)
	at org.apache.catalina.core.ApplicationFilterChain.doFilter(ApplicationFilterChain.java:208)
	at org.apache.catalina.core.StandardWrapperValve.invoke(StandardWrapperValve.java:220)
	at org.apache.catalina.core.StandardContextValve.invoke(StandardContextValve.java:122)
	at org.apache.catalina.authenticator.AuthenticatorBase.invoke(AuthenticatorBase.java:504)
	at org.apache.catalina.core.StandardHostValve.invoke(StandardHostValve.java:170)
	at org.apache.catalina.valves.ErrorReportValve.invoke(ErrorReportValve.java:103)
	at org.apache.catalina.valves.AccessLogValve.invoke(AccessLogValve.java:950)
	at org.apache.catalina.core.StandardEngineValve.invoke(StandardEngineValve.java:116)
	at org.apache.catalina.connector.CoyoteAdapter.service(CoyoteAdapter.java:421)
	at org.apache.coyote.http11.AbstractHttp11Processor.process(AbstractHttp11Processor.java:1074)
	at org.apache.coyote.AbstractProtocol$AbstractConnectionHandler.process(AbstractProtocol.java:611)
	at org.apache.tomcat.util.net.JIoEndpoint$SocketProcessor.run(JIoEndpoint.java:314)
	at java.util.concurrent.ThreadPoolExecutor.runWorker(ThreadPoolExecutor.java:1142)
	at java.util.concurrent.ThreadPoolExecutor$Worker.run(ThreadPoolExecutor.java:617)
	at org.apache.tomcat.util.threads.TaskThread$WrappingRunnable.run(TaskThread.java:61)
	at java.lang.Thread.run(Thread.java:745)

Mar 26, 2015 10:17:56 PM org.apache.catalina.core.StandardWrapperValve invoke
SEVERE: Servlet.service() for servlet [WebApiServlet] in context with path [] threw exception
java.lang.NullPointerException
	at com.pzoom.ads.platform.backend.servlet.ApiServlet.execute(ApiServlet.java:116)
	at com.pzoom.ads.platform.backend.servlet.ApiServlet.doPost(ApiServlet.java:68)
	at javax.servlet.http.HttpServlet.service(HttpServlet.java:646)
	at javax.servlet.http.HttpServlet.service(HttpServlet.java:727)
	at org.apache.catalina.core.ApplicationFilterChain.internalDoFilter(ApplicationFilterChain.java:303)
	at org.apache.catalina.core.ApplicationFilterChain.doFilter(ApplicationFilterChain.java:208)
	at org.apache.tomcat.websocket.server.WsFilter.doFilter(WsFilter.java:52)
	at org.apache.catalina.core.ApplicationFilterChain.internalDoFilter(ApplicationFilterChain.java:241)
	at org.apache.catalina.core.ApplicationFilterChain.doFilter(ApplicationFilterChain.java:208)
	at org.apache.catalina.core.StandardWrapperValve.invoke(StandardWrapperValve.java:220)
	at org.apache.catalina.core.StandardContextValve.invoke(StandardContextValve.java:122)
	at org.apache.catalina.authenticator.AuthenticatorBase.invoke(AuthenticatorBase.java:504)
	at org.apache.catalina.core.StandardHostValve.invoke(StandardHostValve.java:170)
	at org.apache.catalina.valves.ErrorReportValve.invoke(ErrorReportValve.java:103)
	at org.apache.catalina.valves.AccessLogValve.invoke(AccessLogValve.java:950)
	at org.apache.catalina.core.StandardEngineValve.invoke(StandardEngineValve.java:116)
	at org.apache.catalina.connector.CoyoteAdapter.service(CoyoteAdapter.java:421)
	at org.apache.coyote.http11.AbstractHttp11Processor.process(AbstractHttp11Processor.java:1074)
	at org.apache.coyote.AbstractProtocol$AbstractConnectionHandler.process(AbstractProtocol.java:611)
	at org.apache.tomcat.util.net.JIoEndpoint$SocketProcessor.run(JIoEndpoint.java:314)
	at java.util.concurrent.ThreadPoolExecutor.runWorker(ThreadPoolExecutor.java:1142)
	at java.util.concurrent.ThreadPoolExecutor$Worker.run(ThreadPoolExecutor.java:617)
	at org.apache.tomcat.util.threads.TaskThread$WrappingRunnable.run(TaskThread.java:61)
	at java.lang.Thread.run(Thread.java:745)

Mar 26, 2015 10:18:29 PM org.apache.catalina.core.StandardWrapperValve invoke
SEVERE: Servlet.service() for servlet [WebApiServlet] in context with path [] threw exception
java.lang.NullPointerException
	at com.pzoom.ads.platform.backend.servlet.ApiServlet.execute(ApiServlet.java:116)
	at com.pzoom.ads.platform.backend.servlet.ApiServlet.doPost(ApiServlet.java:68)
	at javax.servlet.http.HttpServlet.service(HttpServlet.java:646)
	at javax.servlet.http.HttpServlet.service(HttpServlet.java:727)
	at org.apache.catalina.core.ApplicationFilterChain.internalDoFilter(ApplicationFilterChain.java:303)
	at org.apache.catalina.core.ApplicationFilterChain.doFilter(ApplicationFilterChain.java:208)
	at org.apache.tomcat.websocket.server.WsFilter.doFilter(WsFilter.java:52)
	at org.apache.catalina.core.ApplicationFilterChain.internalDoFilter(ApplicationFilterChain.java:241)
	at org.apache.catalina.core.ApplicationFilterChain.doFilter(ApplicationFilterChain.java:208)
	at org.apache.catalina.core.StandardWrapperValve.invoke(StandardWrapperValve.java:220)
	at org.apache.catalina.core.StandardContextValve.invoke(StandardContextValve.java:122)
	at org.apache.catalina.authenticator.AuthenticatorBase.invoke(AuthenticatorBase.java:504)
	at org.apache.catalina.core.StandardHostValve.invoke(StandardHostValve.java:170)
	at org.apache.catalina.valves.ErrorReportValve.invoke(ErrorReportValve.java:103)
	at org.apache.catalina.valves.AccessLogValve.invoke(AccessLogValve.java:950)
	at org.apache.catalina.core.StandardEngineValve.invoke(StandardEngineValve.java:116)
	at org.apache.catalina.connector.CoyoteAdapter.service(CoyoteAdapter.java:421)
	at org.apache.coyote.http11.AbstractHttp11Processor.process(AbstractHttp11Processor.java:1074)
	at org.apache.coyote.AbstractProtocol$AbstractConnectionHandler.process(AbstractProtocol.java:611)
	at org.apache.tomcat.util.net.JIoEndpoint$SocketProcessor.run(JIoEndpoint.java:314)
	at java.util.concurrent.ThreadPoolExecutor.runWorker(ThreadPoolExecutor.java:1142)
	at java.util.concurrent.ThreadPoolExecutor$Worker.run(ThreadPoolExecutor.java:617)
	at org.apache.tomcat.util.threads.TaskThread$WrappingRunnable.run(TaskThread.java:61)
	at java.lang.Thread.run(Thread.java:745)

Mar 26, 2015 10:19:46 PM org.apache.catalina.core.StandardWrapperValve invoke
SEVERE: Servlet.service() for servlet [WebApiServlet] in context with path [] threw exception
java.lang.NullPointerException
	at com.pzoom.ads.platform.backend.servlet.ApiServlet.execute(ApiServlet.java:116)
	at com.pzoom.ads.platform.backend.servlet.ApiServlet.doPost(ApiServlet.java:68)
	at javax.servlet.http.HttpServlet.service(HttpServlet.java:646)
	at javax.servlet.http.HttpServlet.service(HttpServlet.java:727)
	at org.apache.catalina.core.ApplicationFilterChain.internalDoFilter(ApplicationFilterChain.java:303)
	at org.apache.catalina.core.ApplicationFilterChain.doFilter(ApplicationFilterChain.java:208)
	at org.apache.tomcat.websocket.server.WsFilter.doFilter(WsFilter.java:52)
	at org.apache.catalina.core.ApplicationFilterChain.internalDoFilter(ApplicationFilterChain.java:241)
	at org.apache.catalina.core.ApplicationFilterChain.doFilter(ApplicationFilterChain.java:208)
	at org.apache.catalina.core.StandardWrapperValve.invoke(StandardWrapperValve.java:220)
	at org.apache.catalina.core.StandardContextValve.invoke(StandardContextValve.java:122)
	at org.apache.catalina.authenticator.AuthenticatorBase.invoke(AuthenticatorBase.java:504)
	at org.apache.catalina.core.StandardHostValve.invoke(StandardHostValve.java:170)
	at org.apache.catalina.valves.ErrorReportValve.invoke(ErrorReportValve.java:103)
	at org.apache.catalina.valves.AccessLogValve.invoke(AccessLogValve.java:950)
	at org.apache.catalina.core.StandardEngineValve.invoke(StandardEngineValve.java:116)
	at org.apache.catalina.connector.CoyoteAdapter.service(CoyoteAdapter.java:421)
	at org.apache.coyote.http11.AbstractHttp11Processor.process(AbstractHttp11Processor.java:1074)
	at org.apache.coyote.AbstractProtocol$AbstractConnectionHandler.process(AbstractProtocol.java:611)
	at org.apache.tomcat.util.net.JIoEndpoint$SocketProcessor.run(JIoEndpoint.java:314)
	at java.util.concurrent.ThreadPoolExecutor.runWorker(ThreadPoolExecutor.java:1142)
	at java.util.concurrent.ThreadPoolExecutor$Worker.run(ThreadPoolExecutor.java:617)
	at org.apache.tomcat.util.threads.TaskThread$WrappingRunnable.run(TaskThread.java:61)
	at java.lang.Thread.run(Thread.java:745)

Mar 26, 2015 10:19:54 PM org.apache.catalina.core.StandardWrapperValve invoke
SEVERE: Servlet.service() for servlet [WebApiServlet] in context with path [] threw exception
java.lang.NullPointerException
	at com.pzoom.ads.platform.backend.servlet.ApiServlet.execute(ApiServlet.java:116)
	at com.pzoom.ads.platform.backend.servlet.ApiServlet.doPost(ApiServlet.java:68)
	at javax.servlet.http.HttpServlet.service(HttpServlet.java:646)
	at javax.servlet.http.HttpServlet.service(HttpServlet.java:727)
	at org.apache.catalina.core.ApplicationFilterChain.internalDoFilter(ApplicationFilterChain.java:303)
	at org.apache.catalina.core.ApplicationFilterChain.doFilter(ApplicationFilterChain.java:208)
	at org.apache.tomcat.websocket.server.WsFilter.doFilter(WsFilter.java:52)
	at org.apache.catalina.core.ApplicationFilterChain.internalDoFilter(ApplicationFilterChain.java:241)
	at org.apache.catalina.core.ApplicationFilterChain.doFilter(ApplicationFilterChain.java:208)
	at org.apache.catalina.core.StandardWrapperValve.invoke(StandardWrapperValve.java:220)
	at org.apache.catalina.core.StandardContextValve.invoke(StandardContextValve.java:122)
	at org.apache.catalina.authenticator.AuthenticatorBase.invoke(AuthenticatorBase.java:504)
	at org.apache.catalina.core.StandardHostValve.invoke(StandardHostValve.java:170)
	at org.apache.catalina.valves.ErrorReportValve.invoke(ErrorReportValve.java:103)
	at org.apache.catalina.valves.AccessLogValve.invoke(AccessLogValve.java:950)
	at org.apache.catalina.core.StandardEngineValve.invoke(StandardEngineValve.java:116)
	at org.apache.catalina.connector.CoyoteAdapter.service(CoyoteAdapter.java:421)
	at org.apache.coyote.http11.AbstractHttp11Processor.process(AbstractHttp11Processor.java:1074)
	at org.apache.coyote.AbstractProtocol$AbstractConnectionHandler.process(AbstractProtocol.java:611)
	at org.apache.tomcat.util.net.JIoEndpoint$SocketProcessor.run(JIoEndpoint.java:314)
	at java.util.concurrent.ThreadPoolExecutor.runWorker(ThreadPoolExecutor.java:1142)
	at java.util.concurrent.ThreadPoolExecutor$Worker.run(ThreadPoolExecutor.java:617)
	at org.apache.tomcat.util.threads.TaskThread$WrappingRunnable.run(TaskThread.java:61)
	at java.lang.Thread.run(Thread.java:745)

Mar 26, 2015 10:21:14 PM org.apache.catalina.core.StandardWrapperValve invoke
SEVERE: Servlet.service() for servlet [WebApiServlet] in context with path [] threw exception
java.lang.NullPointerException
	at com.pzoom.ads.platform.backend.servlet.ApiServlet.execute(ApiServlet.java:116)
	at com.pzoom.ads.platform.backend.servlet.ApiServlet.doPost(ApiServlet.java:68)
	at javax.servlet.http.HttpServlet.service(HttpServlet.java:646)
	at javax.servlet.http.HttpServlet.service(HttpServlet.java:727)
	at org.apache.catalina.core.ApplicationFilterChain.internalDoFilter(ApplicationFilterChain.java:303)
	at org.apache.catalina.core.ApplicationFilterChain.doFilter(ApplicationFilterChain.java:208)
	at org.apache.tomcat.websocket.server.WsFilter.doFilter(WsFilter.java:52)
	at org.apache.catalina.core.ApplicationFilterChain.internalDoFilter(ApplicationFilterChain.java:241)
	at org.apache.catalina.core.ApplicationFilterChain.doFilter(ApplicationFilterChain.java:208)
	at org.apache.catalina.core.StandardWrapperValve.invoke(StandardWrapperValve.java:220)
	at org.apache.catalina.core.StandardContextValve.invoke(StandardContextValve.java:122)
	at org.apache.catalina.authenticator.AuthenticatorBase.invoke(AuthenticatorBase.java:504)
	at org.apache.catalina.core.StandardHostValve.invoke(StandardHostValve.java:170)
	at org.apache.catalina.valves.ErrorReportValve.invoke(ErrorReportValve.java:103)
	at org.apache.catalina.valves.AccessLogValve.invoke(AccessLogValve.java:950)
	at org.apache.catalina.core.StandardEngineValve.invoke(StandardEngineValve.java:116)
	at org.apache.catalina.connector.CoyoteAdapter.service(CoyoteAdapter.java:421)
	at org.apache.coyote.http11.AbstractHttp11Processor.process(AbstractHttp11Processor.java:1074)
	at org.apache.coyote.AbstractProtocol$AbstractConnectionHandler.process(AbstractProtocol.java:611)
	at org.apache.tomcat.util.net.JIoEndpoint$SocketProcessor.run(JIoEndpoint.java:316)
	at java.util.concurrent.ThreadPoolExecutor.runWorker(ThreadPoolExecutor.java:1142)
	at java.util.concurrent.ThreadPoolExecutor$Worker.run(ThreadPoolExecutor.java:617)
	at org.apache.tomcat.util.threads.TaskThread$WrappingRunnable.run(TaskThread.java:61)
	at java.lang.Thread.run(Thread.java:745)

Mar 26, 2015 10:23:51 PM org.apache.catalina.core.ApplicationContext log
INFO: ContextListener: contextInitialized()
Mar 26, 2015 10:23:51 PM org.apache.catalina.core.ApplicationContext log
INFO: SessionListener: contextInitialized()
Mar 26, 2015 10:23:51 PM org.apache.catalina.core.ApplicationContext log
INFO: ContextListener: attributeAdded('org.apache.jasper.compiler.TldLocationsCache', 'org.apache.jasper.compiler.TldLocationsCache@111a9e8')
Mar 26, 2015 10:39:40 PM org.apache.catalina.core.ApplicationContext log
INFO: ContextListener: contextInitialized()
Mar 26, 2015 10:39:40 PM org.apache.catalina.core.ApplicationContext log
INFO: SessionListener: contextInitialized()
Mar 26, 2015 10:39:40 PM org.apache.catalina.core.ApplicationContext log
INFO: ContextListener: attributeAdded('org.apache.jasper.compiler.TldLocationsCache', 'org.apache.jasper.compiler.TldLocationsCache@111a9e8')
Mar 26, 2015 11:12:28 PM org.apache.catalina.core.ApplicationContext log
INFO: ContextListener: contextInitialized()
Mar 26, 2015 11:12:28 PM org.apache.catalina.core.ApplicationContext log
INFO: SessionListener: contextInitialized()
Mar 26, 2015 11:12:28 PM org.apache.catalina.core.ApplicationContext log
INFO: ContextListener: attributeAdded('org.apache.jasper.compiler.TldLocationsCache', 'org.apache.jasper.compiler.TldLocationsCache@111a9e8')
